logger=context userId=1 orgId=1 uname=admin t=2023-03-26T00:00:19.70351724+08:00 level=error msg="Failed to update datasource" error="UNIQUE constraint failed: data_source.org_id, data_source.name" remote_addr=[::1] traceID=
logger=context userId=1 orgId=1 uname=admin t=2023-03-26T00:00:19.70437327+08:00 level=error msg="Request Completed" method=PUT path=/api/datasources/uid/VhDVATf4z status=500 remote_addr=[::1] time_ms=99 duration=99.009111ms size=54 referer=http://localhost:3000/datasources/edit/VhDVATf4z handler=/api/datasources/uid/:uid
logger=context userId=1 orgId=1 uname=admin t=2023-03-26T00:01:06.055267526+08:00 level=error msg="Failed to update datasource" error="UNIQUE constraint failed: data_source.org_id, data_source.name" remote_addr=[::1] traceID=
logger=context userId=1 orgId=1 uname=admin t=2023-03-26T00:01:06.055484695+08:00 level=error msg="Request Completed" method=PUT path=/api/datasources/uid/VhDVATf4z status=500 remote_addr=[::1] time_ms=78 duration=78.615717ms size=54 referer=http://localhost:3000/datasources/edit/VhDVATf4z handler=/api/datasources/uid/:uid
logger=server t=2023-03-26T00:01:22.336581214+08:00 level=info msg="Shutdown started" reason="System signal: interrupt"
logger=ticker t=2023-03-26T00:01:22.336768145+08:00 level=info msg=stopped last_tick=2023-03-26T00:01:20+08:00
logger=tracing t=2023-03-26T00:01:22.336759489+08:00 level=info msg="Closing tracing"
logger=settings t=2023-03-26T00:01:24.05187111+08:00 level=info msg="Starting Grafana" version=9.4.7 commit=4add91f03d branch=HEAD compiled=2023-03-17T07:56:52+08:00
logger=settings t=2023-03-26T00:01:24.052144985+08:00 level=warn msg="\"sentry\" frontend logging provider is deprecated and will be removed in the next major version. Use \"grafana\" provider instead."
logger=settings t=2023-03-26T00:01:24.052176093+08:00 level=info msg="Config loaded from" file=/home/ichheit/tmp-t/grafana-9.4.7/conf/defaults.ini
logger=settings t=2023-03-26T00:01:24.052195149+08:00 level=info msg="Path Home" path=/home/ichheit/tmp-t/grafana-9.4.7
logger=settings t=2023-03-26T00:01:24.052210528+08:00 level=info msg="Path Data" path=/home/ichheit/tmp-t/grafana-9.4.7/data
logger=settings t=2023-03-26T00:01:24.05222745+08:00 level=info msg="Path Logs" path=/home/ichheit/tmp-t/grafana-9.4.7/data/log
logger=settings t=2023-03-26T00:01:24.05225955+08:00 level=info msg="Path Plugins" path=/home/ichheit/tmp-t/grafana-9.4.7/data/plugins
logger=settings t=2023-03-26T00:01:24.052286711+08:00 level=info msg="Path Provisioning" path=/home/ichheit/tmp-t/grafana-9.4.7/conf/provisioning
logger=settings t=2023-03-26T00:01:24.052305637+08:00 level=info msg="App mode production"
logger=sqlstore t=2023-03-26T00:01:24.052397209+08:00 level=info msg="Connecting to DB" dbtype=sqlite3
logger=migrator t=2023-03-26T00:01:24.085057798+08:00 level=info msg="Starting DB migrations"
logger=migrator t=2023-03-26T00:01:24.096167881+08:00 level=info msg="migrations completed" performed=0 skipped=571 duration=843.657µs
logger=licensing t=2023-03-26T00:01:24.097031996+08:00 level=info msg="Validated license token" appURL=http://localhost:3000/ source=disk status=NotFound
logger=plugin.loader t=2023-03-26T00:01:24.204865309+08:00 level=info msg="Plugin registered" pluginID=input
logger=plugin.finder t=2023-03-26T00:01:24.204958665+08:00 level=warn msg="Skipping finding plugins as directory does not exist" path=/home/ichheit/tmp-t/grafana-9.4.7/data/plugins
logger=secrets t=2023-03-26T00:01:24.205076496+08:00 level=info msg="Envelope encryption state" enabled=true currentprovider=secretKey.v1
logger=query_data t=2023-03-26T00:01:24.208620511+08:00 level=info msg="Query Service initialization"
logger=live.push_http t=2023-03-26T00:01:24.224289567+08:00 level=info msg="Live Push Gateway initialization"
logger=infra.usagestats.collector t=2023-03-26T00:01:25.745873828+08:00 level=info msg="registering usage stat providers" usageStatsProvidersLen=2
logger=provisioning.alerting t=2023-03-26T00:01:25.746744626+08:00 level=info msg="starting to provision alerting"
logger=provisioning.alerting t=2023-03-26T00:01:25.74678424+08:00 level=info msg="finished to provision alerting"
logger=ngalert.state.manager t=2023-03-26T00:01:25.747005677+08:00 level=info msg="Warming state cache for startup"
logger=report t=2023-03-26T00:01:25.747152643+08:00 level=warn msg="Scheduling and sending of reports disabled, SMTP is not configured and enabled. Configure SMTP to enable."
logger=grafanaStorageLogger t=2023-03-26T00:01:25.747199782+08:00 level=info msg="storage starting"
logger=http.server t=2023-03-26T00:01:25.750524283+08:00 level=info msg="HTTP Server Listen" address=[::]:3000 protocol=http subUrl= socket=
logger=ngalert.state.manager t=2023-03-26T00:01:25.771663566+08:00 level=info msg="State cache has been initialized" states=0 duration=24.656748ms
logger=ticker t=2023-03-26T00:01:25.7718092+08:00 level=info msg=starting first_tick=2023-03-26T00:01:30+08:00
logger=ngalert.multiorg.alertmanager t=2023-03-26T00:01:25.771767482+08:00 level=info msg="starting MultiOrg Alertmanager"
logger=context userId=1 orgId=1 uname=admin t=2023-03-26T00:01:26.618451055+08:00 level=info msg="Request Completed" method=GET path=/api/live/ws status=-1 remote_addr=[::1] time_ms=33 duration=33.674736ms size=0 referer= handler=/api/live/ws
logger=context userId=1 orgId=1 uname=admin t=2023-03-26T00:01:26.662640414+08:00 level=error msg="Failed to update datasource" error="UNIQUE constraint failed: data_source.org_id, data_source.name" remote_addr=[::1] traceID=
logger=context userId=1 orgId=1 uname=admin t=2023-03-26T00:01:26.662951509+08:00 level=error msg="Request Completed" method=PUT path=/api/datasources/uid/VhDVATf4z status=500 remote_addr=[::1] time_ms=119 duration=119.202594ms size=54 referer=http://localhost:3000/datasources/edit/VhDVATf4z handler=/api/datasources/uid/:uid
logger=datasources t=2023-03-26T00:01:43.496467958+08:00 level=error msg="Failed to validate URL" url=
logger=context userId=1 orgId=1 uname=admin t=2023-03-26T00:01:43.496595728+08:00 level=error msg="Validation error, invalid URL" error="validation of data source URL \"\" failed: empty URL string" remote_addr=[::1] traceID=
logger=context userId=1 orgId=1 uname=admin t=2023-03-26T00:01:43.496700044+08:00 level=info msg="Request Completed" method=PUT path=/api/datasources/uid/cyVlcTfVk status=400 remote_addr=[::1] time_ms=33 duration=33.526999ms size=56 referer=http://localhost:3000/datasources/edit/cyVlcTfVk handler=/api/datasources/uid/:uid
logger=context userId=1 orgId=1 uname=admin t=2023-03-26T00:01:51.607732987+08:00 level=info msg="Request Completed" method=POST path=/api/ds/query status=400 remote_addr=[::1] time_ms=23 duration=23.188668ms size=113 referer=http://localhost:3000/datasources/edit/cyVlcTfVk handler=/api/ds/query
logger=context userId=1 orgId=1 uname=admin t=2023-03-26T00:02:24.365887659+08:00 level=error msg="Failed to call resource" error="error querying resource: Get \"localhost:9090\": unsupported protocol scheme \"localhost\"" traceID=
logger=context userId=1 orgId=1 uname=admin t=2023-03-26T00:02:24.366440469+08:00 level=error msg="Request Completed" method=GET path=/api/datasources/uid/cyVlcTfVk/resources/api/v1/rules status=500 remote_addr=[::1] time_ms=68 duration=68.242807ms size=51 referer=http://localhost:3000/explore handler=/api/datasources/uid/:uid/resources/*
logger=context userId=1 orgId=1 uname=admin t=2023-03-26T00:02:24.369545468+08:00 level=error msg="Failed to call resource" error="error querying resource: Post \"localhost:9090\": unsupported protocol scheme \"localhost\"" traceID=
logger=context userId=1 orgId=1 uname=admin t=2023-03-26T00:02:24.370218834+08:00 level=error msg="Request Completed" method=POST path=/api/datasources/uid/cyVlcTfVk/resources/api/v1/query_exemplars status=500 remote_addr=[::1] time_ms=69 duration=69.247236ms size=51 referer=http://localhost:3000/explore handler=/api/datasources/uid/:uid/resources/*
logger=cleanup t=2023-03-26T00:11:25.779255913+08:00 level=info msg="Completed cleanup jobs" duration=31.210737ms
logger=context userId=1 orgId=1 uname=admin t=2023-03-26T00:17:03.273684403+08:00 level=info msg="Request Completed" method=POST path=/api/ds/query status=400 remote_addr=[::1] time_ms=54 duration=54.086925ms size=123 referer="http://localhost:3000/dashboard/new?from=1679760033391&orgId=1&refresh=5s&to=1679760710882" handler=/api/ds/query
logger=context userId=1 orgId=1 uname=admin t=2023-03-26T00:17:03.294256101+08:00 level=error msg="Error writing to response" err="write tcp [::1]:3000->[::1]:41678: write: broken pipe"
logger=cleanup t=2023-03-26T00:21:25.781925463+08:00 level=info msg="Completed cleanup jobs" duration=34.18038ms
logger=cleanup t=2023-03-26T00:31:25.779170872+08:00 level=info msg="Completed cleanup jobs" duration=31.453674ms
logger=cleanup t=2023-03-26T00:41:25.779374121+08:00 level=info msg="Completed cleanup jobs" duration=31.474969ms
logger=cleanup t=2023-03-26T00:51:25.778981698+08:00 level=info msg="Completed cleanup jobs" duration=31.333409ms
logger=licensing t=2023-03-26T01:01:25.758144224+08:00 level=info msg="Validated license token" appURL=http://localhost:3000/ source=disk status=NotFound
logger=licensing.renewal t=2023-03-26T01:01:25.758254531+08:00 level=warn msg="failed to load or validate token" err="license token file not found: /home/ichheit/tmp-t/grafana-9.4.7/data/license.jwt"
logger=cleanup t=2023-03-26T01:01:25.770810415+08:00 level=info msg="Completed cleanup jobs" duration=23.082479ms
logger=cleanup t=2023-03-26T01:11:25.77859277+08:00 level=info msg="Completed cleanup jobs" duration=30.894875ms
logger=cleanup t=2023-03-26T01:21:25.777791376+08:00 level=info msg="Completed cleanup jobs" duration=30.138065ms
logger=cleanup t=2023-03-26T01:31:25.779202692+08:00 level=info msg="Completed cleanup jobs" duration=31.469556ms
logger=cleanup t=2023-03-26T01:41:25.768779657+08:00 level=info msg="Completed cleanup jobs" duration=21.135754ms
logger=cleanup t=2023-03-26T01:51:25.778445318+08:00 level=info msg="Completed cleanup jobs" duration=30.795666ms
logger=licensing t=2023-03-26T02:01:25.757735767+08:00 level=info msg="Validated license token" appURL=http://localhost:3000/ source=disk status=NotFound
logger=licensing.renewal t=2023-03-26T02:01:25.757861432+08:00 level=warn msg="failed to load or validate token" err="license token file not found: /home/ichheit/tmp-t/grafana-9.4.7/data/license.jwt"
logger=cleanup t=2023-03-26T02:01:25.765993072+08:00 level=info msg="Completed cleanup jobs" duration=18.313045ms
logger=cleanup t=2023-03-26T02:11:25.777365966+08:00 level=info msg="Completed cleanup jobs" duration=29.693437ms
logger=cleanup t=2023-03-26T02:21:25.777731827+08:00 level=info msg="Completed cleanup jobs" duration=30.033743ms
logger=cleanup t=2023-03-26T02:31:25.777875848+08:00 level=info msg="Completed cleanup jobs" duration=30.214617ms
logger=server t=2023-03-26T02:35:21.011020748+08:00 level=info msg="Shutdown started" reason="System signal: interrupt"
logger=tracing t=2023-03-26T02:35:21.016191691+08:00 level=info msg="Closing tracing"
logger=ticker t=2023-03-26T02:35:21.015410702+08:00 level=info msg=stopped last_tick=2023-03-26T02:35:20+08:00
logger=settings t=2023-04-16T17:36:31.481976387+08:00 level=info msg="Starting Grafana" version=9.4.7 commit=4add91f03d branch=HEAD compiled=2023-03-17T07:56:52+08:00
logger=settings t=2023-04-16T17:36:31.482595957+08:00 level=warn msg="\"sentry\" frontend logging provider is deprecated and will be removed in the next major version. Use \"grafana\" provider instead."
logger=settings t=2023-04-16T17:36:31.48264792+08:00 level=info msg="Config loaded from" file=/home/ichheit/ich/eBPFMonitoring/grafana-9.4.7/conf/defaults.ini
logger=settings t=2023-04-16T17:36:31.482686193+08:00 level=info msg="Path Home" path=/home/ichheit/ich/eBPFMonitoring/grafana-9.4.7
logger=settings t=2023-04-16T17:36:31.482723838+08:00 level=info msg="Path Data" path=/home/ichheit/ich/eBPFMonitoring/grafana-9.4.7/data
logger=settings t=2023-04-16T17:36:31.482751496+08:00 level=info msg="Path Logs" path=/home/ichheit/ich/eBPFMonitoring/grafana-9.4.7/data/log
logger=settings t=2023-04-16T17:36:31.482778176+08:00 level=info msg="Path Plugins" path=/home/ichheit/ich/eBPFMonitoring/grafana-9.4.7/data/plugins
logger=settings t=2023-04-16T17:36:31.482808697+08:00 level=info msg="Path Provisioning" path=/home/ichheit/ich/eBPFMonitoring/grafana-9.4.7/conf/provisioning
logger=settings t=2023-04-16T17:36:31.482841173+08:00 level=info msg="App mode production"
logger=sqlstore t=2023-04-16T17:36:31.483417232+08:00 level=info msg="Connecting to DB" dbtype=sqlite3
logger=migrator t=2023-04-16T17:36:31.525433827+08:00 level=info msg="Starting DB migrations"
logger=migrator t=2023-04-16T17:36:31.555027934+08:00 level=info msg="migrations completed" performed=0 skipped=571 duration=8.092549ms
logger=licensing t=2023-04-16T17:36:31.557922265+08:00 level=info msg="Validated license token" appURL=http://localhost:3000/ source=disk status=NotFound
logger=plugin.loader t=2023-04-16T17:36:31.687276285+08:00 level=info msg="Plugin registered" pluginID=input
logger=plugin.finder t=2023-04-16T17:36:31.687387823+08:00 level=warn msg="Skipping finding plugins as directory does not exist" path=/home/ichheit/ich/eBPFMonitoring/grafana-9.4.7/data/plugins
logger=secrets t=2023-04-16T17:36:31.687513749+08:00 level=info msg="Envelope encryption state" enabled=true currentprovider=secretKey.v1
logger=query_data t=2023-04-16T17:36:31.693976739+08:00 level=info msg="Query Service initialization"
logger=live.push_http t=2023-04-16T17:36:31.717126643+08:00 level=info msg="Live Push Gateway initialization"
logger=infra.usagestats.collector t=2023-04-16T17:36:33.313026406+08:00 level=info msg="registering usage stat providers" usageStatsProvidersLen=2
logger=provisioning.alerting t=2023-04-16T17:36:33.314752347+08:00 level=info msg="starting to provision alerting"
logger=provisioning.alerting t=2023-04-16T17:36:33.314830151+08:00 level=info msg="finished to provision alerting"
logger=ngalert.state.manager t=2023-04-16T17:36:33.315510554+08:00 level=info msg="Warming state cache for startup"
logger=grafanaStorageLogger t=2023-04-16T17:36:33.315323237+08:00 level=info msg="storage starting"
logger=report t=2023-04-16T17:36:33.316913824+08:00 level=warn msg="Scheduling and sending of reports disabled, SMTP is not configured and enabled. Configure SMTP to enable."
logger=http.server t=2023-04-16T17:36:33.320893504+08:00 level=info msg="HTTP Server Listen" address=[::]:3000 protocol=http subUrl= socket=
logger=ngalert.state.manager t=2023-04-16T17:36:33.348669967+08:00 level=info msg="State cache has been initialized" states=0 duration=33.152219ms
logger=ngalert.multiorg.alertmanager t=2023-04-16T17:36:33.348929919+08:00 level=info msg="starting MultiOrg Alertmanager"
logger=ticker t=2023-04-16T17:36:33.348955691+08:00 level=info msg=starting first_tick=2023-04-16T17:36:40+08:00
logger=context t=2023-04-16T17:37:08.844681558+08:00 level=warn msg="failed to look up session from cookie" error="user token not found"
logger=context userId=0 orgId=0 uname= t=2023-04-16T17:37:08.856444664+08:00 level=info msg="Request Completed" method=GET path=/dashboards status=302 remote_addr=[::1] time_ms=22 duration=23.004279ms size=29 referer= handler=/dashboards/
logger=http.server t=2023-04-16T17:37:17.906826115+08:00 level=info msg="Successful Login" User=admin@localhost
logger=context userId=1 orgId=1 uname=admin t=2023-04-16T17:37:42.522245942+08:00 level=info msg="Request Completed" method=GET path=/api/live/ws status=-1 remote_addr=[::1] time_ms=32 duration=32.977744ms size=0 referer= handler=/api/live/ws
logger=cleanup t=2023-04-16T17:46:33.349925187+08:00 level=info msg="Completed cleanup jobs" duration=33.953955ms
logger=cleanup t=2023-04-16T17:56:33.353643698+08:00 level=info msg="Completed cleanup jobs" duration=33.803624ms
logger=cleanup t=2023-04-16T18:06:33.346480012+08:00 level=info msg="Completed cleanup jobs" duration=30.602198ms
logger=server t=2023-04-16T18:07:45.891228903+08:00 level=info msg="Shutdown started" reason="System signal: interrupt"
logger=ticker t=2023-04-16T18:07:45.891487453+08:00 level=info msg=stopped last_tick=2023-04-16T18:07:40+08:00
logger=tracing t=2023-04-16T18:07:45.891717439+08:00 level=info msg="Closing tracing"
logger=settings t=2023-04-16T18:23:22.528442854+08:00 level=info msg="Starting Grafana" version=9.4.7 commit=4add91f03d branch=HEAD compiled=2023-03-17T07:56:52+08:00
logger=settings t=2023-04-16T18:23:22.528964708+08:00 level=warn msg="\"sentry\" frontend logging provider is deprecated and will be removed in the next major version. Use \"grafana\" provider instead."
logger=settings t=2023-04-16T18:23:22.529079248+08:00 level=info msg="Config loaded from" file=/home/ichheit/ich/eBPFMonitoring/grafana-9.4.7/conf/defaults.ini
logger=settings t=2023-04-16T18:23:22.529134003+08:00 level=info msg="Path Home" path=/home/ichheit/ich/eBPFMonitoring/grafana-9.4.7
logger=settings t=2023-04-16T18:23:22.52917514+08:00 level=info msg="Path Data" path=/home/ichheit/ich/eBPFMonitoring/grafana-9.4.7/data
logger=settings t=2023-04-16T18:23:22.529219908+08:00 level=info msg="Path Logs" path=/home/ichheit/ich/eBPFMonitoring/grafana-9.4.7/data/log
logger=settings t=2023-04-16T18:23:22.529260416+08:00 level=info msg="Path Plugins" path=/home/ichheit/ich/eBPFMonitoring/grafana-9.4.7/data/plugins
logger=settings t=2023-04-16T18:23:22.529306791+08:00 level=info msg="Path Provisioning" path=/home/ichheit/ich/eBPFMonitoring/grafana-9.4.7/conf/provisioning
logger=settings t=2023-04-16T18:23:22.529362803+08:00 level=info msg="App mode production"
logger=sqlstore t=2023-04-16T18:23:22.529523089+08:00 level=info msg="Connecting to DB" dbtype=sqlite3
logger=migrator t=2023-04-16T18:23:22.569684544+08:00 level=info msg="Starting DB migrations"
logger=migrator t=2023-04-16T18:23:22.583831941+08:00 level=info msg="migrations completed" performed=0 skipped=571 duration=3.226108ms
logger=licensing t=2023-04-16T18:23:22.584944583+08:00 level=info msg="Validated license token" appURL=http://localhost:3000/ source=disk status=NotFound
logger=plugin.loader t=2023-04-16T18:23:22.705645316+08:00 level=info msg="Plugin registered" pluginID=input
logger=plugin.finder t=2023-04-16T18:23:22.705972941+08:00 level=warn msg="Skipping finding plugins as directory does not exist" path=/home/ichheit/ich/eBPFMonitoring/grafana-9.4.7/data/plugins
logger=secrets t=2023-04-16T18:23:22.706344497+08:00 level=info msg="Envelope encryption state" enabled=true currentprovider=secretKey.v1
logger=query_data t=2023-04-16T18:23:22.713078243+08:00 level=info msg="Query Service initialization"
logger=live.push_http t=2023-04-16T18:23:22.730891539+08:00 level=info msg="Live Push Gateway initialization"
logger=infra.usagestats.collector t=2023-04-16T18:23:24.609703394+08:00 level=info msg="registering usage stat providers" usageStatsProvidersLen=2
logger=provisioning.alerting t=2023-04-16T18:23:24.610860455+08:00 level=info msg="starting to provision alerting"
logger=provisioning.alerting t=2023-04-16T18:23:24.610950061+08:00 level=info msg="finished to provision alerting"
logger=grafanaStorageLogger t=2023-04-16T18:23:24.61134669+08:00 level=info msg="storage starting"
logger=ngalert.state.manager t=2023-04-16T18:23:24.611776912+08:00 level=info msg="Warming state cache for startup"
logger=report t=2023-04-16T18:23:24.613412455+08:00 level=warn msg="Scheduling and sending of reports disabled, SMTP is not configured and enabled. Configure SMTP to enable."
logger=http.server t=2023-04-16T18:23:24.615992252+08:00 level=info msg="HTTP Server Listen" address=[::]:3000 protocol=http subUrl= socket=
logger=ngalert.state.manager t=2023-04-16T18:23:24.63229097+08:00 level=info msg="State cache has been initialized" states=0 duration=20.512381ms
logger=ticker t=2023-04-16T18:23:24.63252815+08:00 level=info msg=starting first_tick=2023-04-16T18:23:30+08:00
logger=ngalert.multiorg.alertmanager t=2023-04-16T18:23:24.63264702+08:00 level=info msg="starting MultiOrg Alertmanager"
logger=context userId=1 orgId=1 uname=admin t=2023-04-16T18:23:35.379779754+08:00 level=info msg="Request Completed" method=GET path=/api/live/ws status=-1 remote_addr=[::1] time_ms=34 duration=34.203158ms size=0 referer= handler=/api/live/ws
logger=cleanup t=2023-04-16T18:33:24.624596605+08:00 level=info msg="Completed cleanup jobs" duration=12.590373ms
logger=cleanup t=2023-04-16T18:43:24.658718484+08:00 level=info msg="Completed cleanup jobs" duration=45.638793ms
logger=cleanup t=2023-04-16T18:53:24.624455887+08:00 level=info msg="Completed cleanup jobs" duration=12.15271ms
logger=cleanup t=2023-04-16T19:03:24.645188599+08:00 level=info msg="Completed cleanup jobs" duration=32.455985ms
logger=cleanup t=2023-04-16T19:13:24.624282483+08:00 level=info msg="Completed cleanup jobs" duration=11.925372ms
logger=licensing t=2023-04-16T19:23:24.622319282+08:00 level=info msg="Validated license token" appURL=http://localhost:3000/ source=disk status=NotFound
logger=licensing.renewal t=2023-04-16T19:23:24.622509603+08:00 level=warn msg="failed to load or validate token" err="license token file not found: /home/ichheit/ich/eBPFMonitoring/grafana-9.4.7/data/license.jwt"
logger=cleanup t=2023-04-16T19:23:24.633817765+08:00 level=info msg="Completed cleanup jobs" duration=21.440033ms
logger=cleanup t=2023-04-16T19:33:24.624665848+08:00 level=info msg="Completed cleanup jobs" duration=12.451391ms
logger=cleanup t=2023-04-16T19:43:24.624489536+08:00 level=info msg="Completed cleanup jobs" duration=12.200281ms
logger=cleanup t=2023-04-16T19:53:24.644667468+08:00 level=info msg="Completed cleanup jobs" duration=31.894611ms
logger=cleanup t=2023-04-16T20:03:24.643273294+08:00 level=info msg="Completed cleanup jobs" duration=30.515274ms
logger=cleanup t=2023-04-16T20:13:24.62431293+08:00 level=info msg="Completed cleanup jobs" duration=12.031994ms
logger=licensing t=2023-04-16T20:23:24.612902347+08:00 level=info msg="Validated license token" appURL=http://localhost:3000/ source=disk status=NotFound
logger=licensing.renewal t=2023-04-16T20:23:24.613052583+08:00 level=warn msg="failed to load or validate token" err="license token file not found: /home/ichheit/ich/eBPFMonitoring/grafana-9.4.7/data/license.jwt"
logger=cleanup t=2023-04-16T20:23:24.645178725+08:00 level=info msg="Completed cleanup jobs" duration=32.960438ms
logger=cleanup t=2023-04-16T20:33:24.626352603+08:00 level=info msg="Completed cleanup jobs" duration=13.862665ms
logger=cleanup t=2023-04-16T20:43:24.624292233+08:00 level=info msg="Completed cleanup jobs" duration=11.931713ms
logger=cleanup t=2023-04-16T20:53:24.644025301+08:00 level=info msg="Completed cleanup jobs" duration=31.052306ms
logger=cleanup t=2023-04-16T21:03:24.624124417+08:00 level=info msg="Completed cleanup jobs" duration=12.028457ms
logger=cleanup t=2023-04-16T21:13:24.644703564+08:00 level=info msg="Completed cleanup jobs" duration=31.981762ms
logger=licensing t=2023-04-16T21:23:24.61301703+08:00 level=info msg="Validated license token" appURL=http://localhost:3000/ source=disk status=NotFound
logger=licensing.renewal t=2023-04-16T21:23:24.613205251+08:00 level=warn msg="failed to load or validate token" err="license token file not found: /home/ichheit/ich/eBPFMonitoring/grafana-9.4.7/data/license.jwt"
logger=cleanup t=2023-04-16T21:23:24.64294336+08:00 level=info msg="Completed cleanup jobs" duration=30.604203ms
logger=cleanup t=2023-04-16T21:33:24.624277342+08:00 level=info msg="Completed cleanup jobs" duration=12.096411ms
logger=cleanup t=2023-04-16T21:43:24.624392718+08:00 level=info msg="Completed cleanup jobs" duration=12.073949ms
logger=cleanup t=2023-04-16T21:53:24.644431513+08:00 level=info msg="Completed cleanup jobs" duration=32.164672ms
logger=cleanup t=2023-04-16T22:03:24.644247395+08:00 level=info msg="Completed cleanup jobs" duration=32.141313ms
logger=cleanup t=2023-04-16T22:13:24.624104149+08:00 level=info msg="Completed cleanup jobs" duration=12.028574ms
logger=licensing t=2023-04-16T22:23:24.634032534+08:00 level=info msg="Validated license token" appURL=http://localhost:3000/ source=disk status=NotFound
logger=licensing.renewal t=2023-04-16T22:23:24.634249459+08:00 level=warn msg="failed to load or validate token" err="license token file not found: /home/ichheit/ich/eBPFMonitoring/grafana-9.4.7/data/license.jwt"
logger=cleanup t=2023-04-16T22:23:24.637029818+08:00 level=info msg="Completed cleanup jobs" duration=24.746308ms
logger=context userId=1 orgId=1 uname=admin t=2023-04-16T22:30:45.881807502+08:00 level=info msg="Request Completed" method=GET path=/api/live/ws status=-1 remote_addr=[::1] time_ms=33 duration=33.197929ms size=0 referer= handler=/api/live/ws
logger=server t=2023-04-16T22:30:58.756769895+08:00 level=info msg="Shutdown started" reason="System signal: interrupt"
logger=tracing t=2023-04-16T22:30:58.757054027+08:00 level=info msg="Closing tracing"
logger=ticker t=2023-04-16T22:30:58.757227664+08:00 level=info msg=stopped last_tick=2023-04-16T22:30:50+08:00
logger=settings t=2023-05-03T16:01:49.320976941+08:00 level=info msg="Starting Grafana" version=9.4.7 commit=4add91f03d branch=HEAD compiled=2023-03-17T07:56:52+08:00
logger=settings t=2023-05-03T16:01:49.321491261+08:00 level=warn msg="\"sentry\" frontend logging provider is deprecated and will be removed in the next major version. Use \"grafana\" provider instead."
logger=settings t=2023-05-03T16:01:49.321541776+08:00 level=info msg="Config loaded from" file=/home/ichheit/ich/eBPFMonitoring/grafana-9.4.7/conf/defaults.ini
logger=settings t=2023-05-03T16:01:49.321572173+08:00 level=info msg="Path Home" path=/home/ichheit/ich/eBPFMonitoring/grafana-9.4.7
logger=settings t=2023-05-03T16:01:49.321605396+08:00 level=info msg="Path Data" path=/home/ichheit/ich/eBPFMonitoring/grafana-9.4.7/data
logger=settings t=2023-05-03T16:01:49.321631014+08:00 level=info msg="Path Logs" path=/home/ichheit/ich/eBPFMonitoring/grafana-9.4.7/data/log
logger=settings t=2023-05-03T16:01:49.321654619+08:00 level=info msg="Path Plugins" path=/home/ichheit/ich/eBPFMonitoring/grafana-9.4.7/data/plugins
logger=settings t=2023-05-03T16:01:49.321678494+08:00 level=info msg="Path Provisioning" path=/home/ichheit/ich/eBPFMonitoring/grafana-9.4.7/conf/provisioning
logger=settings t=2023-05-03T16:01:49.321701698+08:00 level=info msg="App mode production"
logger=sqlstore t=2023-05-03T16:01:49.322285919+08:00 level=info msg="Connecting to DB" dbtype=sqlite3
logger=migrator t=2023-05-03T16:01:49.364655519+08:00 level=info msg="Starting DB migrations"
logger=migrator t=2023-05-03T16:01:49.374919861+08:00 level=info msg="migrations completed" performed=0 skipped=571 duration=915.827µs
logger=licensing t=2023-05-03T16:01:49.376095588+08:00 level=info msg="Validated license token" appURL=http://localhost:3000/ source=disk status=NotFound
logger=plugin.loader t=2023-05-03T16:01:49.48919614+08:00 level=info msg="Plugin registered" pluginID=input
logger=plugin.finder t=2023-05-03T16:01:49.48930795+08:00 level=warn msg="Skipping finding plugins as directory does not exist" path=/home/ichheit/ich/eBPFMonitoring/grafana-9.4.7/data/plugins
logger=secrets t=2023-05-03T16:01:49.489448455+08:00 level=info msg="Envelope encryption state" enabled=true currentprovider=secretKey.v1
logger=query_data t=2023-05-03T16:01:49.495079452+08:00 level=info msg="Query Service initialization"
logger=live.push_http t=2023-05-03T16:01:49.513465616+08:00 level=info msg="Live Push Gateway initialization"
logger=infra.usagestats.collector t=2023-05-03T16:01:50.697779177+08:00 level=info msg="registering usage stat providers" usageStatsProvidersLen=2
logger=provisioning.alerting t=2023-05-03T16:01:50.699166944+08:00 level=info msg="starting to provision alerting"
logger=provisioning.alerting t=2023-05-03T16:01:50.69923384+08:00 level=info msg="finished to provision alerting"
logger=ngalert.state.manager t=2023-05-03T16:01:50.699634706+08:00 level=info msg="Warming state cache for startup"
logger=report t=2023-05-03T16:01:50.699725116+08:00 level=warn msg="Scheduling and sending of reports disabled, SMTP is not configured and enabled. Configure SMTP to enable."
logger=grafanaStorageLogger t=2023-05-03T16:01:50.700897617+08:00 level=info msg="storage starting"
logger=http.server t=2023-05-03T16:01:50.703060635+08:00 level=info msg="HTTP Server Listen" address=[::]:3000 protocol=http subUrl= socket=
logger=ngalert.state.manager t=2023-05-03T16:01:50.710394592+08:00 level=info msg="State cache has been initialized" states=0 duration=10.755718ms
logger=ngalert.multiorg.alertmanager t=2023-05-03T16:01:50.710545867+08:00 level=info msg="starting MultiOrg Alertmanager"
logger=ticker t=2023-05-03T16:01:50.710857574+08:00 level=info msg=starting first_tick=2023-05-03T16:02:00+08:00
logger=context t=2023-05-03T16:02:00.264578366+08:00 level=warn msg="failed to look up session from cookie" error="user token not found"
logger=context userId=0 orgId=0 uname= t=2023-05-03T16:02:00.276023825+08:00 level=info msg="Request Completed" method=GET path=/ status=302 remote_addr=[::1] time_ms=22 duration=22.503787ms size=29 referer= handler=/
logger=context userId=0 orgId=0 uname= t=2023-05-03T16:02:11.521975839+08:00 level=error msg="Invalid username or password" error="user not found" remote_addr=[::1] traceID=
logger=context userId=0 orgId=0 uname= t=2023-05-03T16:02:11.522324386+08:00 level=info msg="Request Completed" method=POST path=/login status=401 remote_addr=[::1] time_ms=34 duration=34.819025ms size=55 referer=http://localhost:3000/login handler=/login
logger=context userId=0 orgId=0 uname= t=2023-05-03T16:02:21.179215117+08:00 level=error msg="Invalid username or password" error="user not found" remote_addr=[::1] traceID=
logger=context userId=0 orgId=0 uname= t=2023-05-03T16:02:21.179357175+08:00 level=info msg="Request Completed" method=POST path=/login status=401 remote_addr=[::1] time_ms=33 duration=33.032958ms size=55 referer=http://localhost:3000/login handler=/login
logger=context userId=0 orgId=0 uname= t=2023-05-03T16:02:23.62202514+08:00 level=error msg="Invalid username or password" error="invalid username or password" remote_addr=[::1] traceID=
logger=context userId=0 orgId=0 uname= t=2023-05-03T16:02:23.622134005+08:00 level=info msg="Request Completed" method=POST path=/login status=401 remote_addr=[::1] time_ms=81 duration=81.316678ms size=55 referer=http://localhost:3000/login handler=/login
logger=context userId=0 orgId=0 uname= t=2023-05-03T16:02:24.974159217+08:00 level=error msg="Invalid username or password" error="invalid username or password" remote_addr=[::1] traceID=
logger=context userId=0 orgId=0 uname= t=2023-05-03T16:02:24.97429325+08:00 level=info msg="Request Completed" method=POST path=/login status=401 remote_addr=[::1] time_ms=59 duration=59.754006ms size=55 referer=http://localhost:3000/login handler=/login
logger=http.server t=2023-05-03T16:02:28.314545737+08:00 level=info msg="Successful Login" User=admin@localhost
logger=context userId=1 orgId=1 uname=admin t=2023-05-03T16:02:36.977101811+08:00 level=info msg="Request Completed" method=GET path=/api/live/ws status=-1 remote_addr=[::1] time_ms=33 duration=33.876167ms size=0 referer= handler=/api/live/ws
logger=cleanup t=2023-05-03T16:11:50.721548007+08:00 level=info msg="Completed cleanup jobs" duration=21.22803ms
logger=cleanup t=2023-05-03T16:21:50.728139812+08:00 level=info msg="Completed cleanup jobs" duration=27.739445ms
logger=cleanup t=2023-05-03T16:31:50.73358241+08:00 level=info msg="Completed cleanup jobs" duration=32.867192ms
logger=cleanup t=2023-05-03T16:41:50.733958604+08:00 level=info msg="Completed cleanup jobs" duration=33.396755ms
logger=cleanup t=2023-05-03T16:51:50.730008234+08:00 level=info msg="Completed cleanup jobs" duration=30.207661ms
logger=licensing t=2023-05-03T17:01:50.712341435+08:00 level=info msg="Validated license token" appURL=http://localhost:3000/ source=disk status=NotFound
logger=licensing.renewal t=2023-05-03T17:01:50.712555146+08:00 level=warn msg="failed to load or validate token" err="license token file not found: /home/ichheit/ich/eBPFMonitoring/grafana-9.4.7/data/license.jwt"
logger=cleanup t=2023-05-03T17:01:50.716621687+08:00 level=info msg="Completed cleanup jobs" duration=16.020282ms
logger=cleanup t=2023-05-03T17:11:50.727241949+08:00 level=info msg="Completed cleanup jobs" duration=27.044035ms
logger=cleanup t=2023-05-03T17:21:50.732747235+08:00 level=info msg="Completed cleanup jobs" duration=32.711293ms
logger=cleanup t=2023-05-03T17:31:50.712504658+08:00 level=info msg="Completed cleanup jobs" duration=11.84158ms
logger=cleanup t=2023-05-03T17:41:50.73199662+08:00 level=info msg="Completed cleanup jobs" duration=31.723257ms
logger=server t=2023-05-03T17:51:35.662179905+08:00 level=info msg="Shutdown started" reason="System signal: terminated"
logger=tracing t=2023-05-03T17:51:35.689885386+08:00 level=info msg="Closing tracing"
logger=ticker t=2023-05-03T17:51:35.69061541+08:00 level=info msg=stopped last_tick=2023-05-03T17:51:30+08:00
